\BOOKMARK [1][-]{section*.1}{\376\377\000V\000e\000k\000t\000o\000r\000a\000l\000g\000e\000b\000r\000a}{}% 1
\BOOKMARK [2][-]{section*.2}{\376\377\000E\000n\000h\000e\000t\000s\000v\000e\000k\000t\000o\000r}{section*.1}% 2
\BOOKMARK [2][-]{section*.3}{\376\377\000S\000k\000a\000l\000\344\000r\000p\000r\000o\000d\000u\000k\000t}{section*.1}% 3
\BOOKMARK [3][-]{section*.4}{\376\377\000S\000k\000a\000l\000\344\000r\000p\000r\000o\000d\000u\000k\000t\000e\000n\000s\000\040\000s\000a\000m\000b\000a\000n\000d\000\040\000m\000e\000d\000\040\000v\000i\000n\000k\000e\000l\000n\000:}{section*.3}% 4
\BOOKMARK [3][-]{section*.5}{\376\377\000P\000r\000o\000j\000e\000k\000t\000i\000o\000n\000\040\000p\000\345\000\040\000e\000n\000h\000e\000t\000s\000v\000e\000k\000t\000o\000r}{section*.3}% 5
\BOOKMARK [1][-]{section*.30}{\376\377\000M\000o\000m\000e\000n\000t}{}% 1
\BOOKMARK [2][-]{section*.31}{\376\377\000A\000l\000l\000m\000\344\000n\000\040\000f\000o\000r\000m\000e\000l}{section*.30}% 2
\BOOKMARK [2][-]{section*.32}{\376\377\000M\000o\000m\000e\000n\000t\000\040\000m\000e\000d\000\040\000a\000v\000s\000e\000e\000n\000d\000e\000\040\000p\000\345\000\040\000e\000n\000\040\000a\000x\000e\000l}{section*.30}% 3
\BOOKMARK [2][-]{section*.33}{\376\377\000\326\000v\000r\000i\000g\000a\000\040\000m\000o\000m\000e\000n\000t\000r\000e\000l\000a\000t\000e\000r\000a\000d\000e\000\040\000s\000a\000m\000b\000a\000n\000d}{section*.30}% 4
\BOOKMARK [2][-]{section*.6}{\376\377\000V\000e\000k\000t\000o\000r\000k\000o\000m\000p\000o\000n\000e\000n\000t\000e\000r}{section*.1}% 6
\BOOKMARK [2][-]{section*.7}{\376\377\000K\000r\000y\000s\000s\000p\000r\000o\000d\000u\000k\000t}{section*.1}% 7
\BOOKMARK [3][-]{section*.8}{\376\377\000K\000r\000y\000s\000s\000p\000r\000o\000d\000u\000k\000t\000e\000n\000s\000\040\000s\000a\000m\000b\000a\000n\000d\000\040\000m\000e\000d\000\040\000v\000i\000n\000k\000e\000l\000n\000:}{section*.7}% 8
\BOOKMARK [3][-]{section*.9}{\376\377\000R\000\344\000k\000n\000e\000r\000e\000g\000l\000e\000r\000\040\000\046\000\040\000a\000r\000e\000a\000:}{section*.7}% 9
\BOOKMARK [3][-]{section*.10}{\376\377\000D\000e\000t\000e\000r\000m\000i\000n\000a\000n\000t\000-\000m\000i\000n\000n\000e\000s\000r\000e\000g\000e\000l\000\040\000f\000\366\000r\000\040\000k\000r\000y\000s\000s\000p\000r\000o\000d\000u\000k\000t\000e\000n\000:}{section*.7}% 10
\BOOKMARK [1][-]{section*.34}{\376\377\000D\000i\000m\000e\000n\000s\000i\000o\000n\000s\000a\000n\000a\000l\000y\000s}{}% 5
\BOOKMARK [2][-]{section*.35}{\376\377\000S\000t\000o\000r\000h\000e\000t\000e\000r\000\040\000i\000\040\000m\000e\000k\000a\000n\000i\000k\000e\000n}{section*.34}% 6
\BOOKMARK [2][-]{section*.36}{\376\377\000A\000n\000s\000a\000t\000s\000\040\000f\000\366\000r\000\040\000d\000i\000m\000e\000n\000s\000i\000o\000n\000e\000r}{section*.34}% 7
\BOOKMARK [3][-]{section*.11}{\376\377\000H\000\366\000g\000e\000r\000h\000a\000n\000d\000s\000r\000e\000g\000e\000l\000n\000\040\000f\000\366\000r\000\040\000k\000r\000y\000s\000s\000p\000r\000o\000d\000u\000k\000t\000:}{section*.7}% 11
\BOOKMARK [3][-]{section*.12}{\376\377\000D\000u\000b\000b\000l\000a\000\040\000k\000r\000y\000s\000s\000p\000r\000o\000d\000u\000k\000t\000e\000n\000:}{section*.7}% 12
\BOOKMARK [1][-]{section*.13}{\376\377\000O\000l\000i\000k\000a\000\040\000t\000y\000p\000e\000r\000\040\000a\000v\000\040\000k\000r\000a\000f\000t\000s\000y\000s\000t\000e\000m}{}% 13
\BOOKMARK [2][-]{section*.14}{\376\377\000E\000k\000v\000i\000v\000a\000l\000e\000n\000t\000a\000\040\000k\000r\000a\000f\000t\000s\000y\000s\000t\000e\000m}{section*.13}% 14
\BOOKMARK [2][-]{section*.15}{\376\377\000E\000k\000v\000i\000m\000o\000m\000e\000n\000t\000a\000\040\000k\000r\000a\000f\000t\000s\000y\000s\000t\000e\000m}{section*.13}% 15
\BOOKMARK [1][-]{section*.37}{\376\377\000K\000r\000a\000f\000t\000s\000y\000s\000t\000e\000m}{}% 8
\BOOKMARK [2][-]{section*.38}{\376\377\000I\000n\000l\000e\000d\000a\000n\000d\000e\000\040\000p\000r\000i\000n\000c\000i\000p\000e\000r}{section*.37}% 9
\BOOKMARK [1][-]{section*.39}{\376\377\000t\000i\000t\000l\000e}{}% 10
\BOOKMARK [2][-]{section*.16}{\376\377\000K\000r\000a\000f\000t\000p\000a\000r}{section*.13}% 16
\BOOKMARK [2][-]{section*.17}{\376\377\000R\000e\000d\000u\000k\000t\000i\000o\000n\000s\000r\000e\000s\000u\000l\000t\000a\000t\000e\000t}{section*.13}% 17
\BOOKMARK [2][-]{section*.40}{\376\377\000E\000n\000k\000r\000a\000f\000t\000s\000r\000e\000s\000u\000l\000t\000a\000n\000t}{section*.39}% 11
\BOOKMARK [2][-]{section*.41}{\376\377\000K\000r\000a\000f\000t\000s\000k\000r\000u\000v}{section*.39}% 12
\BOOKMARK [1][-]{section*.42}{\376\377\000M\000a\000s\000s\000c\000e\000n\000t\000r\000u\000m}{}% 13
\BOOKMARK [1][-]{section*.18}{\376\377\000P\000a\000p\000p\000u\000s\000\040\000r\000e\000g\000l\000e\000r}{}% 18
\BOOKMARK [2][-]{section*.43}{\376\377\000M\000a\000s\000s\000c\000e\000n\000t\000r\000u\000m\000\040\000f\000\366\000r\000\040\000e\000t\000t\000\040\000p\000a\000r\000t\000i\000k\000e\000l\000s\000y\000s\000t\000e\000m}{section*.42}% 14
\BOOKMARK [2][-]{section*.44}{\376\377\000M\000a\000s\000s\000c\000e\000n\000t\000r\000u\000m\000\040\000f\000\366\000r\000\040\000e\000n\000\040\000s\000t\000e\000l\000k\000r\000o\000p\000p}{section*.42}% 15
\BOOKMARK [3][-]{section*.45}{\376\377\000V\000e\000r\000k\000t\000y\000g\000\040\000f\000\366\000r\000\040\000i\000n\000t\000e\000g\000r\000a\000t\000i\000o\000n}{section*.44}% 16
\BOOKMARK [2][-]{section*.19}{\376\377\000P\000a\000p\000p\000u\000s\000\040\000a\000r\000e\000a\000r\000e\000g\000e\000l}{section*.18}% 19
\BOOKMARK [2][-]{section*.20}{\376\377\000P\000a\000p\000p\000u\000s\000\040\000v\000o\000l\000y\000m\000r\000e\000g\000e\000l}{section*.18}% 20
\BOOKMARK [1][-]{section*.47}{\376\377\000J\000\344\000m\000v\000i\000k\000t}{}% 17
\BOOKMARK [1][-]{section*.21}{\376\377\000F\000r\000i\000l\000\344\000g\000g\000n\000i\000n\000g}{}% 21
\BOOKMARK [2][-]{section*.22}{\376\377\000F\000r\000i\000h\000e\000t\000s\000g\000r\000a\000d\000e\000r}{section*.21}% 22
\BOOKMARK [3][-]{section*.23}{\376\377\000F\000r\000i\000h\000e\000t\000s\000g\000r\000a\000d\000e\000r\000\040\000i\000\040\0003\000D}{section*.22}% 23
\BOOKMARK [3][-]{section*.24}{\376\377\000F\000r\000i\000h\000e\000t\000s\000g\000r\000a\000d\000e\000r\000\040\000i\000\040\0002\000D}{section*.22}% 24
\BOOKMARK [1][-]{section*.25}{\376\377\000F\000r\000i\000k\000t\000i\000o\000n}{}% 25
\BOOKMARK [2][-]{section*.26}{\376\377\000F\000r\000i\000k\000t\000i\000o\000n\000s\000k\000r\000a\000f\000t}{section*.25}% 26
\BOOKMARK [2][-]{section*.27}{\376\377\000F\000r\000i\000k\000t\000i\000o\000n\000s\000t\000a\000l}{section*.25}% 27
\BOOKMARK [2][-]{section*.28}{\376\377\000J\000\344\000m\000v\000i\000k\000t\000\040\000o\000c\000h\000\040\000g\000l\000i\000d\000n\000i\000n\000g}{section*.25}% 28
\BOOKMARK [2][-]{section*.48}{\376\377\000N\000e\000w\000t\000o\000n\000s\000\040\000t\000r\000e\000d\000j\000e\000\040\000l\000a\000g\000\040\000o\000c\000h\000\040\000j\000\344\000m\000v\000i\000k\000t}{section*.47}% 18
\BOOKMARK [1][-]{section*.49}{\376\377\000R\000e\000a\000k\000t\000i\000o\000n\000s\000k\000r\000a\000f\000t\000e\000r\000\040\000o\000c\000h\000\040\000-\000m\000o\000m\000e\000n\000t}{}% 19
\BOOKMARK [2][-]{section*.50}{\376\377\000V\000a\000j\000e\000r\000/\000l\000\344\000n\000k}{section*.49}% 20
\BOOKMARK [2][-]{section*.51}{\376\377\000O\000b\000j\000e\000k\000t\000\040\000m\000o\000t\000\040\000y\000t\000a}{section*.49}% 21
\BOOKMARK [3][-]{section*.29}{\376\377\000S\000t\000j\000\344\000l\000p\000n\000i\000n\000g\000s\000v\000i\000l\000l\000k\000o\000r}{section*.28}% 29
\BOOKMARK [2][-]{section*.52}{\376\377\000L\000e\000d\000/\000s\000p\000r\000i\000n\000t}{section*.49}% 22
\BOOKMARK [2][-]{section*.53}{\376\377\000K\000u\000l\000l\000e\000d}{section*.49}% 23
\BOOKMARK [2][-]{section*.54}{\376\377\000F\000a\000s\000t\000s\000\344\000t\000t\000n\000i\000n\000g}{section*.49}% 24
\BOOKMARK [2][-]{section*.55}{\376\377\000G\000\345\000n\000g\000j\000\344\000r\000n}{section*.49}% 25
\BOOKMARK [2][-]{section*.56}{\376\377\000F\000a\000s\000t\000\040\000i\000n\000s\000p\000\344\000n\000d\000\040\000b\000a\000l\000k}{section*.49}% 26
\BOOKMARK [1][-]{section*.57}{\376\377\000M\000a\000s\000s\000c\000e\000n\000t\000r\000u\000m\000\040\000f\000\366\000r\000\040\000n\000\345\000g\000r\000a\000\040\000e\000n\000k\000l\000a\000\040\000f\000o\000r\000m\000e\000r}{}% 30
\BOOKMARK [1][-]{section*.58}{\376\377\000\326\000v\000e\000r\000s\000i\000k\000t\000\040\000a\000v\000\040\000n\000\345\000g\000r\000a\000\040\000v\000a\000n\000l\000i\000g\000a\000\040\000k\000r\000a\000f\000t\000e\000r}{}% 31
\BOOKMARK [1][-]{section*.59}{\376\377\000K\000i\000n\000e\000m\000a\000t\000i\000k}{}% 32
\BOOKMARK [2][-]{section*.60}{\376\377\000K\000a\000r\000t\000e\000s\000i\000s\000k\000a\000\040\000k\000o\000o\000r\000d\000i\000n\000a\000t\000e\000r}{section*.59}% 33
\BOOKMARK [3][-]{section*.61}{\376\377\000R\000\344\000t\000l\000i\000n\000j\000i\000g\000\040\000r\000\366\000r\000e\000l\000s\000e}{section*.60}% 34
\BOOKMARK [3][-]{section*.62}{\376\377\000G\000e\000n\000e\000r\000e\000l\000l\000\040\000k\000u\000r\000v\000l\000i\000n\000j\000\344\000r\000\040\000r\000\366\000r\000e\000l\000s\000e}{section*.60}% 35
\BOOKMARK [2][-]{section*.63}{\376\377\000R\000\366\000r\000e\000l\000s\000e\000r\000e\000l\000a\000t\000e\000r\000a\000d\000e\000\040\000i\000n\000t\000e\000g\000r\000a\000l\000e\000r}{section*.59}% 36
\BOOKMARK [3][-]{section*.100}{\376\377\000\050\000M\000y\000c\000k\000e\000t\000\051\000\040\000a\000n\000v\000\344\000n\000d\000b\000a\000r\000a\000\040\000s\000a\000m\000b\000a\000n\000d\000\040\000v\000i\000d\000\040\000b\000e\000r\000\344\000k\000n\000i\000n\000g}{section*.93}% 32
\BOOKMARK [2][-]{section*.101}{\376\377\000K\000u\000r\000v\000l\000i\000n\000j\000\344\000r\000\040\000r\000\366\000r\000e\000l\000s\000e\000\040\000i\000\040\000n\000a\000t\000u\000r\000l\000i\000g\000a\000\040\000k\000o\000m\000p\000o\000n\000e\000n\000t\000e\000r}{section*.87}% 33
\BOOKMARK [2][-]{section*.64}{\376\377\000K\000u\000r\000v\000l\000i\000n\000j\000\344\000r\000\040\000r\000\366\000r\000e\000l\000s\000e\000\040\000i\000\040\000k\000a\000r\000t\000e\000s\000i\000s\000k\000a\000\040\000k\000o\000o\000r\000d\000i\000n\000a\000t\000e\000r}{section*.59}% 37
\BOOKMARK [3][-]{section*.65}{\376\377\000E\000n\000h\000e\000t\000s\000v\000e\000k\000t\000o\000r\000e\000r}{section*.64}% 38
\BOOKMARK [3][-]{section*.66}{\376\377\000L\000\344\000g\000e\000,\000\040\000h\000a\000s\000t\000i\000g\000h\000e\000t\000,\000\040\000a\000c\000c\000e\000l\000e\000r\000a\000t\000i\000o\000n}{section*.64}% 39
\BOOKMARK [2][-]{section*.67}{\376\377\000K\000u\000r\000v\000l\000i\000n\000j\000\344\000r\000\040\000r\000\366\000r\000e\000l\000s\000e\000\040\000i\000\040\000c\000y\000l\000i\000n\000d\000r\000i\000s\000k\000a\000\040\000k\000o\000o\000r\000d\000i\000n\000a\000t\000e\000r}{section*.59}% 40
\BOOKMARK [3][-]{section*.68}{\376\377\000E\000n\000h\000e\000t\000s\000v\000e\000k\000t\000o\000r\000e\000r}{section*.67}% 41
\BOOKMARK [3][-]{section*.102}{\376\377\000E\000n\000h\000e\000t\000s\000v\000e\000k\000t\000o\000r\000e\000r}{section*.101}% 34
\BOOKMARK [3][-]{section*.103}{\376\377\000L\000\344\000g\000e\000,\000\040\000h\000a\000s\000t\000i\000g\000h\000e\000t\000,\000\040\000a\000c\000c\000e\000l\000e\000r\000a\000t\000i\000o\000n}{section*.101}% 35
\BOOKMARK [3][-]{section*.69}{\376\377\000L\000\344\000g\000e\000,\000\040\000h\000a\000s\000t\000i\000g\000h\000e\000t\000,\000\040\000a\000c\000c\000e\000l\000e\000r\000a\000t\000i\000o\000n}{section*.67}% 42
\BOOKMARK [3][-]{section*.104}{\376\377\000K\000r\000\366\000k\000n\000i\000n\000g\000s\000r\000a\000d\000i\000e}{section*.101}% 36
\BOOKMARK [3][-]{section*.105}{\376\377\000N\000\344\000m\000n\000v\000\344\000r\000d\000a\000\040\000s\000a\000m\000b\000a\000n\000d\000\040\000v\000i\000d\000\040\000n\000a\000t\000u\000r\000l\000i\000g\000a\000\040\000k\000o\000m\000p\000o\000n\000e\000n\000t\000e\000r}{section*.101}% 37
\BOOKMARK [1][-]{section*.71}{\376\377\000E\000n\000e\000r\000g\000i\000\040\000o\000c\000h\000\040\000a\000r\000b\000e\000t\000e}{}% 43
\BOOKMARK [2][-]{section*.72}{\376\377\000P\000o\000t\000e\000n\000t\000i\000a\000l\000e\000r}{section*.71}% 44
\BOOKMARK [3][-]{section*.73}{\376\377\000G\000r\000a\000v\000i\000t\000a\000t\000i\000o\000n}{section*.72}% 45
\BOOKMARK [3][-]{section*.74}{\376\377\000F\000j\000\344\000d\000e\000r}{section*.72}% 46
\BOOKMARK [2][-]{section*.106}{\376\377\000D\000y\000n\000a\000m\000i\000k\000e\000n\000s\000\040\000k\000r\000a\000f\000t\000e\000k\000v\000a\000t\000i\000o\000n\000e\000r}{section*.87}% 38
\BOOKMARK [3][-]{section*.107}{\376\377\000R\000\366\000r\000e\000l\000s\000e\000m\000\344\000n\000g\000d}{section*.106}% 39
\BOOKMARK [2][-]{section*.108}{\376\377\000R\000\366\000r\000e\000l\000s\000e\000m\000\344\000n\000g\000d\000e\000n\000\040\000f\000\366\000r\000\040\000e\000t\000t\000\040\000s\000y\000s\000t\000e\000m}{section*.87}% 40
\BOOKMARK [2][-]{section*.109}{\376\377\000N\000e\000w\000t\000o\000n\000s\000\040\000l\000a\000g\000a\000r}{section*.87}% 41
\BOOKMARK [3][-]{section*.110}{\376\377\000N\000e\000w\000t\000o\000n\000s\000\040\0001\000:\000a\000\040\000l\000a\000g}{section*.109}% 42
\BOOKMARK [3][-]{section*.111}{\376\377\000K\000r\000a\000f\000t\000s\000u\000m\000m\000a\000\040\000\050\000o\000c\000h\000\040\000N\000e\000w\000t\000o\000n\000s\000\040\0002\000:\000a\000\040\000l\000a\000g\000\051}{section*.109}% 43
\BOOKMARK [2][-]{section*.75}{\376\377\000R\000\366\000r\000e\000l\000s\000e\000m\000\344\000n\000g\000d\000s\000m\000o\000m\000e\000n\000t}{section*.71}% 47
\BOOKMARK [3][-]{section*.76}{\376\377\000R\000\366\000r\000e\000l\000s\000e\000m\000\344\000n\000g\000d\000s\000m\000o\000m\000e\000n\000t\000l\000a\000g\000e\000n}{section*.75}% 48
\BOOKMARK [2][-]{section*.77}{\376\377\000I\000m\000p\000u\000l\000s}{section*.71}% 49
\BOOKMARK [3][-]{section*.78}{\376\377\000K\000r\000a\000f\000t\000i\000m\000p\000u\000l\000s}{section*.77}% 50
\BOOKMARK [3][-]{section*.112}{\376\377\000N\000e\000w\000t\000o\000n\000s\000\040\0003\000:\000e\000\040\000l\000a\000g}{section*.109}% 44
\BOOKMARK [2][-]{section*.113}{\376\377\000A\000r\000b\000e\000t\000e\000,\000\040\000a\000l\000l\000m\000\344\000n\000t}{section*.87}% 45
\BOOKMARK [2][-]{section*.114}{\376\377\000E\000f\000f\000e\000k\000t}{section*.87}% 46
\BOOKMARK [3][-]{section*.79}{\376\377\000M\000o\000m\000e\000n\000t\000i\000m\000p\000u\000l\000s\000l\000a\000g\000e\000n}{section*.77}% 51
\BOOKMARK [1][-]{section*.80}{\376\377\000C\000e\000n\000t\000r\000a\000l\000r\000\366\000r\000e\000l\000s\000e}{}% 52
\BOOKMARK [2][-]{section*.115}{\376\377\000P\000o\000t\000e\000n\000t\000i\000e\000l\000l\000\040\000e\000n\000e\000r\000g\000i}{section*.87}% 47
\BOOKMARK [2][-]{section*.116}{\376\377\000E\000n\000e\000r\000g\000i\000l\000a\000g\000a\000r}{section*.87}% 48
\BOOKMARK [3][-]{section*.117}{\376\377\000L\000a\000g\000e\000n\000\040\000o\000m\000\040\000k\000i\000n\000e\000t\000i\000s\000k\000\040\000e\000n\000e\000r\000g\000i}{section*.116}% 49
\BOOKMARK [2][-]{section*.81}{\376\377\000B\000i\000n\000e\000t\000s\000\040\000f\000o\000r\000m\000e\000l}{section*.80}% 53
\BOOKMARK [2][-]{section*.82}{\376\377\000E\000l\000l\000i\000p\000s\000e\000n\000s\000\040\000g\000e\000o\000m\000e\000t\000r\000i}{section*.80}% 54
\BOOKMARK [3][-]{section*.83}{\376\377\000G\000e\000o\000m\000e\000t\000r\000i\000s\000k\000a\000\040\000a\000t\000t\000r\000i\000b\000u\000t}{section*.82}% 55
\BOOKMARK [3][-]{section*.118}{\376\377\000M\000e\000k\000a\000n\000i\000s\000k\000\040\000e\000n\000e\000r\000g\000i\000\040\000o\000c\000h\000\040\000m\000e\000k\000a\000n\000i\000s\000k\000a\000\040\000e\000n\000e\000r\000g\000i\000l\000a\000g\000e\000n}{section*.116}% 50
\BOOKMARK [3][-]{section*.119}{\376\377\000M\000e\000k\000a\000n\000i\000s\000k\000a\000\040\000e\000n\000e\000r\000g\000i\000l\000a\000g\000e\000n}{section*.116}% 51
\BOOKMARK [3][-]{section*.84}{\376\377\000A\000n\000v\000\344\000n\000d\000b\000a\000r\000a\000\040\000s\000a\000m\000b\000a\000n\000d\000:}{section*.82}% 56
\BOOKMARK [3][-]{section*.85}{\376\377\000E\000c\000c\000e\000n\000t\000r\000i\000c\000i\000t\000e\000t}{section*.82}% 57
\BOOKMARK [3][-]{section*.120}{\376\377\000R\000\366\000r\000e\000l\000s\000e\000m\000\344\000n\000g\000d\000e\000n\000\040\000f\000\366\000r\000\040\000e\000t\000t\000\040\000s\000y\000s\000t\000e\000m\000\040\000b\000e\000v\000a\000r\000a\000s}{section*.116}% 52
\BOOKMARK [2][-]{section*.121}{\376\377\000S\000t\000\366\000t\000a\000r}{section*.87}% 53
\BOOKMARK [3][-]{section*.122}{\376\377\000S\000t\000\366\000t\000i\000m\000p\000u\000l\000s\000l\000a\000g\000e\000n\000\040\000f\000\366\000r\000\040\000e\000n\000\040\000p\000a\000r\000t\000i\000k\000e\000l}{section*.121}% 54
\BOOKMARK [3][-]{section*.123}{\376\377\000S\000t\000u\000d\000s\000t\000a\000l}{section*.121}% 55
\BOOKMARK [2][-]{section*.86}{\376\377\000B\000a\000n\000e\000n\000e\000r\000g\000i}{section*.80}% 58
\BOOKMARK [1][-]{section*.87}{\376\377\000S\000v\000\344\000n\000g\000n\000i\000n\000g\000a\000r}{}% 59
\BOOKMARK [2][-]{section*.88}{\376\377\000A\000l\000l\000m\000\344\000n\000t}{section*.87}% 60
\BOOKMARK [3][-]{section*.89}{\376\377\000P\000e\000r\000i\000o\000d\000t\000i\000d}{section*.88}% 61
\BOOKMARK [3][-]{section*.90}{\376\377\000K\000o\000n\000v\000e\000r\000t\000e\000r\000a\000\040\000l\000\366\000s\000n\000i\000n\000g\000a\000r}{section*.88}% 62
\BOOKMARK [3][-]{section*.91}{\376\377\000K\000o\000m\000p\000o\000n\000e\000n\000t\000e\000r\000\040\000a\000v\000\040\000s\000v\000\344\000n\000g\000n\000i\000n\000g\000s\000e\000k\000v\000a\000t\000i\000o\000n\000e\000n}{section*.88}% 63
\BOOKMARK [3][-]{section*.92}{\376\377\000S\000v\000\344\000n\000g\000n\000i\000n\000g\000s\000t\000e\000r\000m\000i\000n\000o\000l\000o\000g\000i}{section*.88}% 64
\BOOKMARK [2][-]{section*.124}{\376\377\000M\000a\000l\000l\000\040\000f\000\366\000r\000\040\000o\000l\000i\000k\000a\000\040\000t\000y\000p\000e\000r\000\040\000a\000v\000\040\000s\000v\000\344\000n\000g\000i\000n\000g\000a\000r}{section*.87}% 56
\BOOKMARK [2][-]{section*.93}{\376\377\000D\000\344\000m\000p\000a\000d\000e\000\040\000s\000v\000\344\000n\000g\000n\000i\000n\000g\000a\000r}{section*.87}% 65
\BOOKMARK [3][-]{section*.94}{\376\377\000V\000i\000n\000k\000e\000l\000f\000r\000e\000k\000v\000e\000n\000s}{section*.93}% 66
\BOOKMARK [3][-]{section*.95}{\376\377\000O\000l\000i\000k\000a\000\040\000t\000y\000p\000e\000r\000\040\000a\000v\000\040\000d\000\344\000m\000p\000n\000i\000n\000g\000a\000r}{section*.93}% 67
\BOOKMARK [2][-]{section*.127}{\376\377\000A\000m\000p\000l\000i\000t\000u\000d\000\040\000f\000\366\000r\000\040\000p\000\345\000t\000v\000i\000n\000g\000a\000d\000e\000\040\000s\000v\000\344\000n\000g\000n\000i\000n\000g\000a\000r}{section*.87}% 57
\BOOKMARK [2][-]{section*.128}{\376\377\000K\000r\000i\000t\000i\000s\000k\000\040\000f\000r\000e\000k\000v\000e\000n\000s\000\040\000f\000\366\000r\000\040\000p\000\345\000t\000v\000i\000n\000g\000a\000d\000e\000\040\000s\000v\000\344\000n\000g\000n\000i\000n\000g\000a\000r}{section*.87}% 58
\BOOKMARK [3][-]{section*.99}{\376\377\000L\000o\000g\000a\000r\000i\000t\000m\000i\000s\000k\000a\000\040\000d\000e\000k\000r\000e\000m\000e\000n\000t\000e\000t}{section*.93}% 68
\BOOKMARK [1][-]{section*.129}{\376\377\000A\000s\000t\000r\000o\000n\000o\000m\000i\000s\000k\000\040\000o\000r\000d\000l\000i\000s\000t\000a}{}% 69
\BOOKMARK [1][-]{section*.134}{\376\377\000S\000i\000n\000u\000s\000-\000\040\000o\000c\000h\000\040\000c\000o\000s\000i\000n\000u\000s\000a\000d\000d\000i\000t\000i\000o\000n\000s\000f\000o\000r\000m\000l\000e\000r}{}% 70
\BOOKMARK [1][-]{section*.135}{\376\377\000V\000i\000r\000t\000u\000e\000l\000l\000t\000\040\000a\000r\000b\000e\000t\000e}{}% 71
